<?xml version="1.0" encoding="UTF-8" ?>
<testsuites name="vitest tests" tests="3" failures="0" errors="0" time="0.014889541">
    <testsuite name="src/utils/date.test.ts" timestamp="2026-03-25T15:51:22.344Z" hostname="MacBook-Pro-von-Lukas-2.local" tests="3" failures="0" errors="0" skipped="0" time="0.014889541">
        <testcase classname="src/utils/date.test.ts" name="formatDate &gt; formats a Date object correctly" time="0.013642875">
        </testcase>
        <testcase classname="src/utils/date.test.ts" name="formatDate &gt; formats a date string correctly" time="0.000207459">
        </testcase>
        <testcase classname="src/utils/date.test.ts" name="formatDate &gt; handles valid ISO strings" time="0.0001345">
        </testcase>
    </testsuite>
</testsuites>
